Using pre-set license
Built from '2020.3/staging' branch; Version is '2020.3.21f1 (a38c86f6690f) revision 10718342'; Using compiler version '192528614'; Build Type 'Release'
OS: 'Windows 10 Pro; OS build 19042.1348; Version 2009; 64bit' Language: 'en' Physical Memory: 32715 MB
BatchMode: 1, IsHumanControllingUs: 0, StartBugReporterOnCrash: 0, Is64bit: 1, IsPro: 0

COMMAND LINE ARGUMENTS:
C:\Program Files\Unity\Hub\Editor\2020.3.21f1\Editor\Unity.exe
-adb2
-batchMode
-noUpm
-name
AssetImportWorker0
-projectPath
C:/Users/Tarathorn/Desktop/GMAP359/BoonngamanongTara_SoloProject_5/w4/snow globe
-logFile
Logs/AssetImportWorker0.log
-srvPort
60335
Successfully changed project path to: C:/Users/Tarathorn/Desktop/GMAP359/BoonngamanongTara_SoloProject_5/w4/snow globe
C:/Users/Tarathorn/Desktop/GMAP359/BoonngamanongTara_SoloProject_5/w4/snow globe
Using Asset Import Pipeline V2.
Refreshing native plugins compatible for Editor in 68.89 ms, found 2 plugins.
Preloading 0 native plugins for Editor in 0.00 ms.
Initialize engine version: 2020.3.21f1 (a38c86f6690f)
[Subsystems] Discovering subsystems at path C:/Program Files/Unity/Hub/Editor/2020.3.21f1/Editor/Data/Resources/UnitySubsystems
[Subsystems] Discovering subsystems at path C:/Users/Tarathorn/Desktop/GMAP359/BoonngamanongTara_SoloProject_5/w4/snow globe/Assets
GfxDevice: creating device client; threaded=0
Direct3D:
    Version:  Direct3D 11.0 [level 11.1]
    Renderer: NVIDIA GeForce RTX 2070 (ID=0x1f02)
    Vendor:   
    VRAM:     8031 MB
    Driver:   27.21.14.5751
Initialize mono
Mono path[0] = 'C:/Program Files/Unity/Hub/Editor/2020.3.21f1/Editor/Data/Managed'
Mono path[1] = 'C:/Program Files/Unity/Hub/Editor/2020.3.21f1/Editor/Data/MonoBleedingEdge/lib/mono/unityjit'
Mono config path = 'C:/Program Files/Unity/Hub/Editor/2020.3.21f1/Editor/Data/MonoBleedingEdge/etc'
Using monoOptions --debugger-agent=transport=dt_socket,embedding=1,server=y,suspend=n,address=127.0.0.1:56060
Begin MonoManager ReloadAssembly
Registering precompiled unity dll's ...
Register platform support module: C:/Program Files/Unity/Hub/Editor/2020.3.21f1/Editor/Data/PlaybackEngines/WebGLSupport/UnityEditor.WebGL.Extensions.dll
Register platform support module: C:/Program Files/Unity/Hub/Editor/2020.3.21f1/Editor/Data/PlaybackEngines/MacStandaloneSupport/UnityEditor.OSXStandalone.Extensions.dll
Register platform support module: C:/Program Files/Unity/Hub/Editor/2020.3.21f1/Editor/Data/PlaybackEngines/WindowsStandaloneSupport/UnityEditor.WindowsStandalone.Extensions.dll
Registered in 0.002188 seconds.
Native extension for WindowsStandalone target not found
Native extension for OSXStandalone target not found
Native extension for WebGL target not found
Refreshing native plugins compatible for Editor in 68.94 ms, found 2 plugins.
Preloading 0 native plugins for Editor in 0.00 ms.
Mono: successfully reloaded assembly
- Completed reload, in  0.982 seconds
Domain Reload Profiling:
	ReloadAssembly (982ms)
		BeginReloadAssembly (40ms)
			ExecutionOrderSort (0ms)
			DisableScriptedObjects (0ms)
			BackupInstance (0ms)
			ReleaseScriptingObjects (0ms)
			CreateAndSetChildDomain (1ms)
		EndReloadAssembly (379ms)
			LoadAssemblies (39ms)
			RebuildTransferFunctionScriptingTraits (0ms)
			SetupTypeCache (118ms)
			ReleaseScriptCaches (0ms)
			RebuildScriptCaches (23ms)
			SetupLoadedEditorAssemblies (164ms)
				LogAssemblyErrors (0ms)
				InitializePlatformSupportModulesInManaged (5ms)
				SetLoadedEditorAssemblies (0ms)
				RefreshPlugins (69ms)
				BeforeProcessingInitializeOnLoad (9ms)
				ProcessInitializeOnLoadAttributes (60ms)
				ProcessInitializeOnLoadMethodAttributes (20ms)
				AfterProcessingInitializeOnLoad (0ms)
				EditorAssembliesLoaded (0ms)
			ExecutionOrderSort2 (0ms)
			AwakeInstancesAfterBackupRestoration (0ms)
Platform modules already initialized, skipping
Registering precompiled user dll's ...
Registered in 0.003948 seconds.
Begin MonoManager ReloadAssembly
Native extension for WindowsStandalone target not found
Native extension for OSXStandalone target not found
Native extension for WebGL target not found
Refreshing native plugins compatible for Editor in 71.77 ms, found 2 plugins.
Preloading 0 native plugins for Editor in 0.00 ms.
Mono: successfully reloaded assembly
- Completed reload, in  1.093 seconds
Domain Reload Profiling:
	ReloadAssembly (1094ms)
		BeginReloadAssembly (114ms)
			ExecutionOrderSort (0ms)
			DisableScriptedObjects (3ms)
			BackupInstance (0ms)
			ReleaseScriptingObjects (0ms)
			CreateAndSetChildDomain (16ms)
		EndReloadAssembly (926ms)
			LoadAssemblies (70ms)
			RebuildTransferFunctionScriptingTraits (0ms)
			SetupTypeCache (284ms)
			ReleaseScriptCaches (1ms)
			RebuildScriptCaches (61ms)
			SetupLoadedEditorAssemblies (410ms)
				LogAssemblyErrors (0ms)
				InitializePlatformSupportModulesInManaged (4ms)
				SetLoadedEditorAssemblies (0ms)
				RefreshPlugins (72ms)
				BeforeProcessingInitializeOnLoad (79ms)
				ProcessInitializeOnLoadAttributes (194ms)
				ProcessInitializeOnLoadMethodAttributes (55ms)
				AfterProcessingInitializeOnLoad (5ms)
				EditorAssembliesLoaded (0ms)
			ExecutionOrderSort2 (0ms)
			AwakeInstancesAfterBackupRestoration (5ms)
Platform modules already initialized, skipping
========================================================================
Worker process is ready to serve import requests
Launched and connected shader compiler UnityShaderCompiler.exe after 0.04 seconds
Refreshing native plugins compatible for Editor in 0.70 ms, found 2 plugins.
Preloading 0 native plugins for Editor in 0.00 ms.
Unloading 3611 Unused Serialized files (Serialized files now loaded: 0)
System memory in use before: 163.7 MB.
System memory in use after: 163.9 MB.

Unloading 20 unused Assets to reduce memory usage. Loaded Objects now: 4065.
Total: 3.214700 ms (FindLiveObjects: 0.312800 ms CreateObjectMapping: 0.099800 ms MarkObjects: 2.741800 ms  DeleteObjects: 0.059500 ms)

AssetImportParameters requested are different than current active one (requested -> active):
  custom:framework-win-MediaFoundation: 216162199b28c13a410421893ffa2e32 -> 
  custom:video-decoder-ogg-theora: a1e56fd34408186e4bbccfd4996cb3dc -> 
  custom:container-muxer-webm: aa71ff27fc2769a1b78a27578f13a17b -> 
  custom:container-demuxer-webm: 4f35f7cbe854078d1ac9338744f61a02 -> 
  custom:container-demuxer-ogg: 62fdf1f143b41e24485cea50d1cbac27 -> 
  custom:srp/default-shader: 0d000000000000000000000000000000 -> 00a0da0d000000000000000000000000
  custom:video-encoder-webm-vp8: eb34c28f22e8b96e1ab97ce403110664 -> 
  custom:video-decoder-webm-vp8: 9c59270c3fd7afecdb556c50c9e8de78 -> 
  custom:audio-decoder-ogg-vorbis: bf7c407c2cedff20999df2af8eb42d56 -> 
  custom:audio-encoder-webm-vorbis: bf7c407c2cedff20999df2af8eb42d56 -> 
========================================================================
Received Import Request.
  path: Assets/models/desk.fbx
  artifactKey: Guid(df24f8db363bedd4d838c503c4428074) Importer(815301076,1909f56bfc062723c751e8b465ee728b)
Start importing Assets/models/desk.fbx using Guid(df24f8db363bedd4d838c503c4428074) Importer(815301076,1909f56bfc062723c751e8b465ee728b)  -> (artifact id: '854e00b68d8974bd3ee058698eb5bb27') in 0.676944 seconds 
  Import took 0.687458 seconds .

========================================================================
Received Import Request.
  Time since last request: 96.252203 seconds.
  path: Assets/models/Computer Monitor OLD.fbx
  artifactKey: Guid(2f0b7c9f658a932448e46d8a3b748163) Importer(815301076,1909f56bfc062723c751e8b465ee728b)
Start importing Assets/models/Computer Monitor OLD.fbx using Guid(2f0b7c9f658a932448e46d8a3b748163) Importer(815301076,1909f56bfc062723c751e8b465ee728b)  -> (artifact id: '17bee3ed090746f266bb384c62430d4a') in 0.136819 seconds 
  Import took 0.143611 seconds .

========================================================================
Received Prepare
Registering precompiled user dll's ...
Registered in 0.003910 seconds.
Begin MonoManager ReloadAssembly
Native extension for WindowsStandalone target not found
Native extension for OSXStandalone target not found
Native extension for WebGL target not found
Refreshing native plugins compatible for Editor in 0.69 ms, found 2 plugins.
Preloading 0 native plugins for Editor in 0.00 ms.
Mono: successfully reloaded assembly
- Completed reload, in  1.101 seconds
Domain Reload Profiling:
	ReloadAssembly (1101ms)
		BeginReloadAssembly (159ms)
			ExecutionOrderSort (0ms)
			DisableScriptedObjects (22ms)
			BackupInstance (0ms)
			ReleaseScriptingObjects (0ms)
			CreateAndSetChildDomain (38ms)
		EndReloadAssembly (891ms)
			LoadAssemblies (67ms)
			RebuildTransferFunctionScriptingTraits (0ms)
			SetupTypeCache (270ms)
			ReleaseScriptCaches (2ms)
			RebuildScriptCaches (59ms)
			SetupLoadedEditorAssemblies (284ms)
				LogAssemblyErrors (0ms)
				InitializePlatformSupportModulesInManaged (5ms)
				SetLoadedEditorAssemblies (0ms)
				RefreshPlugins (1ms)
				BeforeProcessingInitializeOnLoad (92ms)
				ProcessInitializeOnLoadAttributes (172ms)
				ProcessInitializeOnLoadMethodAttributes (8ms)
				AfterProcessingInitializeOnLoad (5ms)
				EditorAssembliesLoaded (0ms)
			ExecutionOrderSort2 (0ms)
			AwakeInstancesAfterBackupRestoration (7ms)
Platform modules already initialized, skipping
Refreshing native plugins compatible for Editor in 0.70 ms, found 2 plugins.
Preloading 0 native plugins for Editor in 0.00 ms.
Unloading 3671 Unused Serialized files (Serialized files now loaded: 0)
System memory in use before: 190.6 MB.
System memory in use after: 190.8 MB.

Unloading 15 unused Assets to reduce memory usage. Loaded Objects now: 4411.
Total: 3.403600 ms (FindLiveObjects: 0.329700 ms CreateObjectMapping: 0.092400 ms MarkObjects: 2.962100 ms  DeleteObjects: 0.018500 ms)

AssetImportParameters requested are different than current active one (requested -> active):
  custom:framework-win-MediaFoundation: 216162199b28c13a410421893ffa2e32 -> 
  custom:video-decoder-ogg-theora: a1e56fd34408186e4bbccfd4996cb3dc -> 
  custom:container-muxer-webm: aa71ff27fc2769a1b78a27578f13a17b -> 
  custom:container-demuxer-webm: 4f35f7cbe854078d1ac9338744f61a02 -> 
  custom:container-demuxer-ogg: 62fdf1f143b41e24485cea50d1cbac27 -> 
  custom:video-encoder-webm-vp8: eb34c28f22e8b96e1ab97ce403110664 -> 
  custom:video-decoder-webm-vp8: 9c59270c3fd7afecdb556c50c9e8de78 -> 
  custom:audio-decoder-ogg-vorbis: bf7c407c2cedff20999df2af8eb42d56 -> 
  custom:audio-encoder-webm-vorbis: bf7c407c2cedff20999df2af8eb42d56 -> 
========================================================================
Received Import Request.
  Time since last request: 178.787118 seconds.
  path: Assets/sources/Misc_Base_Color.png
  artifactKey: Guid(66adaf93bca9a2c4b879808dbc178d84) Importer(815301076,1909f56bfc062723c751e8b465ee728b)
Start importing Assets/sources/Misc_Base_Color.png using Guid(66adaf93bca9a2c4b879808dbc178d84) Importer(815301076,1909f56bfc062723c751e8b465ee728b)  -> (artifact id: 'bb0260f817dae4f4f43c7c28684e4b94') in 0.045735 seconds 
  Import took 0.051164 seconds .

========================================================================
Received Import Request.
  Time since last request: 8.250406 seconds.
  path: Assets/sources/Monitor_Roughness.png
  artifactKey: Guid(8275242557bd3a14cb5fd35a8cf7ad1a) Importer(815301076,1909f56bfc062723c751e8b465ee728b)
Start importing Assets/sources/Monitor_Roughness.png using Guid(8275242557bd3a14cb5fd35a8cf7ad1a) Importer(815301076,1909f56bfc062723c751e8b465ee728b)  -> (artifact id: '44a9ab2f5f0cc80ef5fee6a8ef92aed2') in 0.012201 seconds 
  Import took 0.017321 seconds .

========================================================================
Received Import Request.
  Time since last request: 14.956968 seconds.
  path: Assets/sources/Monitor_Base_Color.png
  artifactKey: Guid(c723d72fe01fd7a4288397b4762ec330) Importer(815301076,1909f56bfc062723c751e8b465ee728b)
Start importing Assets/sources/Monitor_Base_Color.png using Guid(c723d72fe01fd7a4288397b4762ec330) Importer(815301076,1909f56bfc062723c751e8b465ee728b)  -> (artifact id: '86b97d2b1778601dac4c7c4be85b659f') in 0.010975 seconds 
  Import took 0.016198 seconds .

========================================================================
Received Prepare
Registering precompiled user dll's ...
Registered in 0.004494 seconds.
Begin MonoManager ReloadAssembly
Native extension for WindowsStandalone target not found
Native extension for OSXStandalone target not found
Native extension for WebGL target not found
Refreshing native plugins compatible for Editor in 0.77 ms, found 2 plugins.
Preloading 0 native plugins for Editor in 0.00 ms.
Mono: successfully reloaded assembly
- Completed reload, in  1.050 seconds
Domain Reload Profiling:
	ReloadAssembly (1051ms)
		BeginReloadAssembly (101ms)
			ExecutionOrderSort (0ms)
			DisableScriptedObjects (4ms)
			BackupInstance (0ms)
			ReleaseScriptingObjects (0ms)
			CreateAndSetChildDomain (37ms)
		EndReloadAssembly (896ms)
			LoadAssemblies (75ms)
			RebuildTransferFunctionScriptingTraits (0ms)
			SetupTypeCache (287ms)
			ReleaseScriptCaches (2ms)
			RebuildScriptCaches (63ms)
			SetupLoadedEditorAssemblies (303ms)
				LogAssemblyErrors (0ms)
				InitializePlatformSupportModulesInManaged (5ms)
				SetLoadedEditorAssemblies (0ms)
				RefreshPlugins (1ms)
				BeforeProcessingInitializeOnLoad (98ms)
				ProcessInitializeOnLoadAttributes (184ms)
				ProcessInitializeOnLoadMethodAttributes (9ms)
				AfterProcessingInitializeOnLoad (5ms)
				EditorAssembliesLoaded (0ms)
			ExecutionOrderSort2 (0ms)
			AwakeInstancesAfterBackupRestoration (15ms)
Platform modules already initialized, skipping
Refreshing native plugins compatible for Editor in 0.79 ms, found 2 plugins.
Preloading 0 native plugins for Editor in 0.00 ms.
Unloading 3487 Unused Serialized files (Serialized files now loaded: 0)
System memory in use before: 184.8 MB.
System memory in use after: 185.0 MB.

Unloading 15 unused Assets to reduce memory usage. Loaded Objects now: 4414.
Total: 3.837800 ms (FindLiveObjects: 0.419200 ms CreateObjectMapping: 0.093300 ms MarkObjects: 3.303400 ms  DeleteObjects: 0.020500 ms)

AssetImportParameters requested are different than current active one (requested -> active):
  custom:framework-win-MediaFoundation: 216162199b28c13a410421893ffa2e32 -> 
  custom:video-decoder-ogg-theora: a1e56fd34408186e4bbccfd4996cb3dc -> 
  custom:container-muxer-webm: aa71ff27fc2769a1b78a27578f13a17b -> 
  custom:container-demuxer-webm: 4f35f7cbe854078d1ac9338744f61a02 -> 
  custom:container-demuxer-ogg: 62fdf1f143b41e24485cea50d1cbac27 -> 
  custom:video-encoder-webm-vp8: eb34c28f22e8b96e1ab97ce403110664 -> 
  custom:video-decoder-webm-vp8: 9c59270c3fd7afecdb556c50c9e8de78 -> 
  custom:audio-decoder-ogg-vorbis: bf7c407c2cedff20999df2af8eb42d56 -> 
  custom:audio-encoder-webm-vorbis: bf7c407c2cedff20999df2af8eb42d56 -> 
========================================================================
Received Import Request.
  Time since last request: 1883.165837 seconds.
  path: Assets/models/papers.fbx
  artifactKey: Guid(23fcb321d2e74c2409455e36d547980b) Importer(815301076,1909f56bfc062723c751e8b465ee728b)
Start importing Assets/models/papers.fbx using Guid(23fcb321d2e74c2409455e36d547980b) Importer(815301076,1909f56bfc062723c751e8b465ee728b)  -> (artifact id: '9b4c81af9f1c72e916043af74835a8b4') in 0.698244 seconds 
  Import took 0.704492 seconds .

========================================================================
Received Import Request.
  Time since last request: 56.621092 seconds.
  path: Assets/sources/Monitor_Base_Color.png
  artifactKey: Guid(c723d72fe01fd7a4288397b4762ec330) Importer(815301076,1909f56bfc062723c751e8b465ee728b)
Start importing Assets/sources/Monitor_Base_Color.png using Guid(c723d72fe01fd7a4288397b4762ec330) Importer(815301076,1909f56bfc062723c751e8b465ee728b)  -> (artifact id: '83c71f9f9912f6276fe86383d42d4746') in 0.021358 seconds 
  Import took 0.027043 seconds .

========================================================================
Received Import Request.
  Time since last request: 5.533300 seconds.
  path: Assets/sources/paperuv.png
  artifactKey: Guid(13d4c4e437e437742a37943f200a08e1) Importer(815301076,1909f56bfc062723c751e8b465ee728b)
Start importing Assets/sources/paperuv.png using Guid(13d4c4e437e437742a37943f200a08e1) Importer(815301076,1909f56bfc062723c751e8b465ee728b)  -> (artifact id: '95f359e381cfe7bba1b26b08b8acc7d5') in 0.011269 seconds 
  Import took 0.016902 seconds .

========================================================================
Received Import Request.
  Time since last request: 60.246831 seconds.
  path: Assets/Prefab/papers.prefab
  artifactKey: Guid(54e36040d147e2148b94f5051d188a19) Importer(815301076,1909f56bfc062723c751e8b465ee728b)
Start importing Assets/Prefab/papers.prefab using Guid(54e36040d147e2148b94f5051d188a19) Importer(815301076,1909f56bfc062723c751e8b465ee728b)  -> (artifact id: '579f1b9fdea099e0ef7d28ae18699743') in 0.039209 seconds 
  Import took 0.045068 seconds .

========================================================================
Received Import Request.
  Time since last request: 7.142878 seconds.
  path: Assets/Prefab/Computer Monitor OLD.prefab
  artifactKey: Guid(a38159a67b353af45a1d773e46c1162c) Importer(815301076,1909f56bfc062723c751e8b465ee728b)
Start importing Assets/Prefab/Computer Monitor OLD.prefab using Guid(a38159a67b353af45a1d773e46c1162c) Importer(815301076,1909f56bfc062723c751e8b465ee728b)  -> (artifact id: 'a6080e3ab97dd774d9526a00f7ae0cfd') in 0.037558 seconds 
  Import took 0.043572 seconds .

========================================================================
Received Import Request.
  Time since last request: 4.403201 seconds.
  path: Assets/Prefab/computer.prefab
  artifactKey: Guid(a38159a67b353af45a1d773e46c1162c) Importer(815301076,1909f56bfc062723c751e8b465ee728b)
Start importing Assets/Prefab/computer.prefab using Guid(a38159a67b353af45a1d773e46c1162c) Importer(815301076,1909f56bfc062723c751e8b465ee728b)  -> (artifact id: '6b32c34ab152e19898fa22277cfb14db') in 0.031245 seconds 
  Import took 0.037501 seconds .

========================================================================
Received Prepare
Registering precompiled user dll's ...
Registered in 0.004228 seconds.
Begin MonoManager ReloadAssembly
Native extension for WindowsStandalone target not found
Native extension for OSXStandalone target not found
Native extension for WebGL target not found
Refreshing native plugins compatible for Editor in 0.73 ms, found 2 plugins.
Preloading 0 native plugins for Editor in 0.00 ms.
Mono: successfully reloaded assembly
- Completed reload, in  1.121 seconds
Domain Reload Profiling:
	ReloadAssembly (1121ms)
		BeginReloadAssembly (140ms)
			ExecutionOrderSort (0ms)
			DisableScriptedObjects (23ms)
			BackupInstance (0ms)
			ReleaseScriptingObjects (0ms)
			CreateAndSetChildDomain (44ms)
		EndReloadAssembly (920ms)
			LoadAssemblies (74ms)
			RebuildTransferFunctionScriptingTraits (0ms)
			SetupTypeCache (291ms)
			ReleaseScriptCaches (2ms)
			RebuildScriptCaches (63ms)
			SetupLoadedEditorAssemblies (316ms)
				LogAssemblyErrors (0ms)
				InitializePlatformSupportModulesInManaged (6ms)
				SetLoadedEditorAssemblies (0ms)
				RefreshPlugins (1ms)
				BeforeProcessingInitializeOnLoad (104ms)
				ProcessInitializeOnLoadAttributes (190ms)
				ProcessInitializeOnLoadMethodAttributes (9ms)
				AfterProcessingInitializeOnLoad (5ms)
				EditorAssembliesLoaded (0ms)
			ExecutionOrderSort2 (0ms)
			AwakeInstancesAfterBackupRestoration (17ms)
Platform modules already initialized, skipping
Refreshing native plugins compatible for Editor in 1.00 ms, found 2 plugins.
Preloading 0 native plugins for Editor in 0.00 ms.
Unloading 3487 Unused Serialized files (Serialized files now loaded: 0)
System memory in use before: 186.9 MB.
System memory in use after: 187.1 MB.

Unloading 15 unused Assets to reduce memory usage. Loaded Objects now: 4517.
Total: 4.061500 ms (FindLiveObjects: 0.341400 ms CreateObjectMapping: 0.096900 ms MarkObjects: 3.600200 ms  DeleteObjects: 0.021500 ms)

AssetImportParameters requested are different than current active one (requested -> active):
  custom:framework-win-MediaFoundation: 216162199b28c13a410421893ffa2e32 -> 
  custom:video-decoder-ogg-theora: a1e56fd34408186e4bbccfd4996cb3dc -> 
  custom:container-muxer-webm: aa71ff27fc2769a1b78a27578f13a17b -> 
  custom:container-demuxer-webm: 4f35f7cbe854078d1ac9338744f61a02 -> 
  custom:container-demuxer-ogg: 62fdf1f143b41e24485cea50d1cbac27 -> 
  custom:video-encoder-webm-vp8: eb34c28f22e8b96e1ab97ce403110664 -> 
  custom:video-decoder-webm-vp8: 9c59270c3fd7afecdb556c50c9e8de78 -> 
  custom:audio-decoder-ogg-vorbis: bf7c407c2cedff20999df2af8eb42d56 -> 
  custom:audio-encoder-webm-vorbis: bf7c407c2cedff20999df2af8eb42d56 -> 
========================================================================
Received Import Request.
  Time since last request: 1723.989748 seconds.
  path: Assets/models/desk.fbx
  artifactKey: Guid(df24f8db363bedd4d838c503c4428074) Importer(815301076,1909f56bfc062723c751e8b465ee728b)
Start importing Assets/models/desk.fbx using Guid(df24f8db363bedd4d838c503c4428074) Importer(815301076,1909f56bfc062723c751e8b465ee728b)  -> (artifact id: '765c3a81b0102282d054f1ed4e0733fb') in 0.567339 seconds 
  Import took 0.574079 seconds .

========================================================================
Received Import Request.
  Time since last request: 59.383333 seconds.
  path: Assets/materal/wall.mat
  artifactKey: Guid(ac478a14dbf2cdf479ede6eeacad293d) Importer(815301076,1909f56bfc062723c751e8b465ee728b)
Start importing Assets/materal/wall.mat using Guid(ac478a14dbf2cdf479ede6eeacad293d) Importer(815301076,1909f56bfc062723c751e8b465ee728b)  -> (artifact id: 'f465648366fa31829a0cf0307674acff') in 0.026680 seconds 
  Import took 0.032668 seconds .

========================================================================
Received Import Request.
  Time since last request: 982.589358 seconds.
  path: Assets/materal/wall.mat
  artifactKey: Guid(ac478a14dbf2cdf479ede6eeacad293d) Importer(815301076,1909f56bfc062723c751e8b465ee728b)
Start importing Assets/materal/wall.mat using Guid(ac478a14dbf2cdf479ede6eeacad293d) Importer(815301076,1909f56bfc062723c751e8b465ee728b)  -> (artifact id: '3e4a1f9ca07249258523dd7abad49b52') in 0.025993 seconds 
  Import took 0.033200 seconds .

AssetImportWorkerClient::OnTransportError - code=2 error=End of file
